<?xml version="1.0" encoding="UTF-8"?>
<!-- Generated by org.testng.reporters.JUnitReportReporter -->
<testsuite hostname="QT-INBG-LT1929" failures="0" tests="1" name="mobileworld.Signin" time="2.810" errors="0" timestamp="2022-09-20T18:00:27 IST" skipped="0">
  <testcase classname="mobileworld.Signin" name="register" time="2.810"/>
  <system-out/>
</testsuite> <!-- mobileworld.Signin -->
