<?xml version="1.0" encoding="UTF-8"?>
<!-- Generated by org.testng.reporters.JUnitReportReporter -->
<testsuite hostname="QT-INBG-LT1929" failures="0" tests="1" name="mobileworld.signup" time="8.253" errors="0" timestamp="2022-09-20T18:00:27 IST" skipped="0">
  <testcase classname="mobileworld.signup" name="register" time="8.253"/>
  <system-out/>
</testsuite> <!-- mobileworld.signup -->
