<?xml version="1.0" encoding="UTF-8"?>
<!-- Generated by org.testng.reporters.JUnitReportReporter -->
<testsuite hostname="QT-INBG-LT1929" failures="0" tests="1" name="mobileworld.order" time="9.164" errors="0" timestamp="2022-09-20T18:00:27 IST" skipped="0">
  <testcase classname="mobileworld.order" name="order" time="9.164"/>
  <system-out/>
</testsuite> <!-- mobileworld.order -->
